[2026-06-24 17:00:49.625016] Log app created
[2026-06-24 17:00:49.625324] Add the logs
[2026-06-24 17:00:56.644324] Log app created
[2026-06-24 17:00:56.644685] Add the logs
[2026-06-24 18:48:28.471867] Log app created
[2026-06-24 18:48:37.517068] The docs are categorized
[2026-06-24 18:49:28.617424] The reminder with message starts --Hy whats up--
[2026-06-24 18:50:12.623992] The reminder with message ends here --Hy whats up--
[2026-06-24 19:10:50.259310] Log app created
[2026-06-24 19:11:58.927530] Log app created
[2026-06-24 19:12:04.661297] The docs are categorized
[2026-06-24 19:12:21.507185] The images are categorized
[2026-06-24 19:13:05.805821] Log app created
[2026-06-24 19:19:03.635442] Log app created
[2026-06-24 19:19:42.220185] Log app created
[2026-06-24 19:25:03.794145] Log app created
[2026-06-24 19:25:30.326510] The reminder with message starts -- Hey whats up docs--
[2026-06-24 19:25:40.329835] The reminder with message ends here -- Hey whats up docs--
[2026-06-24 19:27:18.113214] Log app created
[2026-06-24 19:27:34.928954] Log app created
[2026-06-24 19:33:26.049556] Log app created
[2026-06-24 19:33:58.443333] Log app created
[2026-06-24 19:34:01.857020] The docs are categorized
[2026-06-24 19:35:26.944787] Log app created
[2026-06-24 19:35:30.982806] The docs are categorized
[2026-06-24 19:35:38.526881] The images are categorized
[2026-06-24 19:36:07.586470] The reminder with message starts -- Hey what up doc--
[2026-06-24 19:36:19.590299] The reminder with message ends here -- Hey what up doc--
[2026-06-24 19:36:58.689649] Log app created
[2026-06-24 19:37:04.230440] The docs are categorized
